{"/Users/prasannabalaji.rangarajan/Documents/Dining-Training/jest/src/userFetch.ts": {"path":"/Users/prasannabalaji.rangarajan/Documents/Dining-Training/jest/src/userFetch.ts","statementMap":{"0":{"start":{"line":13,"column":4},"end":{"line":23,"column":null}},"1":{"start":{"line":14,"column":20},"end":{"line":14,"column":62}},"2":{"start":{"line":15,"column":8},"end":{"line":17,"column":null}},"3":{"start":{"line":16,"column":12},"end":{"line":16,"column":59}},"4":{"start":{"line":18,"column":21},"end":{"line":18,"column":37}},"5":{"start":{"line":19,"column":8},"end":{"line":19,"column":25}},"6":{"start":{"line":22,"column":8},"end":{"line":22,"column":20}},"7":{"start":{"line":12,"column":0},"end":{"line":12,"column":22}}},"fnMap":{"0":{"name":"fetchUser","decl":{"start":{"line":12,"column":22},"end":{"line":12,"column":31}},"loc":{"start":{"line":12,"column":42},"end":{"line":24,"column":null}}}},"branchMap":{"0":{"loc":{"start":{"line":15,"column":8},"end":{"line":17,"column":null}},"type":"if","locations":[{"start":{"line":15,"column":8},"end":{"line":17,"column":null}}]}},"s":{"0":3,"1":3,"2":3,"3":1,"4":2,"5":2,"6":1,"7":1},"f":{"0":3},"b":{"0":[1]}}
}
